<?xml version="1.0" encoding="UTF-8"?>
<!-- Generated by org.testng.reporters.JUnitReportReporter -->
<testsuite hostname="DESKTOP-UG71NEM" failures="0" tests="1" name="TestCase.Tc_01_LoginTest" time="20.536" errors="0" timestamp="2023-11-03T16:12:21 IST" skipped="0">
  <testcase classname="TestCase.Tc_01_LoginTest" name="loginTest" time="20.536"/>
  <system-out/>
</testsuite> <!-- TestCase.Tc_01_LoginTest -->
